Determining if the pthread_create exist failed with the following output:
Change Dir: /home/bchandaka/simulation_ws/build/CMakeFiles/CMakeTmp

Run Build Command:"/usr/bin/make" "cmTC_ac15e/fast"
/usr/bin/make -f CMakeFiles/cmTC_ac15e.dir/build.make CMakeFiles/cmTC_ac15e.dir/build
make[1]: Entering directory '/home/bchandaka/simulation_ws/build/CMakeFiles/CMakeTmp'
Building C object CMakeFiles/cmTC_ac15e.dir/CheckSymbolExists.c.o
/usr/bin/cc    -o CMakeFiles/cmTC_ac15e.dir/CheckSymbolExists.c.o   -c /home/bchandaka/simulation_ws/build/CMakeFiles/CMakeTmp/CheckSymbolExists.c
Linking C executable cmTC_ac15e
/usr/bin/cmake -E cmake_link_script CMakeFiles/cmTC_ac15e.dir/link.txt --verbose=1
/usr/bin/cc      -rdynamic CMakeFiles/cmTC_ac15e.dir/CheckSymbolExists.c.o  -o cmTC_ac15e 
CMakeFiles/cmTC_ac15e.dir/CheckSymbolExists.c.o: In function `main':
CheckSymbolExists.c:(.text+0x1b): undefined reference to `pthread_create'
collect2: error: ld returned 1 exit status
CMakeFiles/cmTC_ac15e.dir/build.make:97: recipe for target 'cmTC_ac15e' failed
make[1]: *** [cmTC_ac15e] Error 1
make[1]: Leaving directory '/home/bchandaka/simulation_ws/build/CMakeFiles/CMakeTmp'
Makefile:126: recipe for target 'cmTC_ac15e/fast' failed
make: *** [cmTC_ac15e/fast] Error 2

File /home/bchandaka/simulation_ws/build/CMakeFiles/CMakeTmp/CheckSymbolExists.c:
/* */
#include <pthread.h>

int main(int argc, char** argv)
{
  (void)argv;
#ifndef pthread_create
  return ((int*)(&pthread_create))[argc];
#else
  (void)argc;
  return 0;
#endif
}

Determining if the function pthread_create exists in the pthreads failed with the following output:
Change Dir: /home/bchandaka/simulation_ws/build/CMakeFiles/CMakeTmp

Run Build Command:"/usr/bin/make" "cmTC_115aa/fast"
/usr/bin/make -f CMakeFiles/cmTC_115aa.dir/build.make CMakeFiles/cmTC_115aa.dir/build
make[1]: Entering directory '/home/bchandaka/simulation_ws/build/CMakeFiles/CMakeTmp'
Building C object CMakeFiles/cmTC_115aa.dir/CheckFunctionExists.c.o
/usr/bin/cc   -DCHECK_FUNCTION_EXISTS=pthread_create   -o CMakeFiles/cmTC_115aa.dir/CheckFunctionExists.c.o   -c /usr/share/cmake-3.10/Modules/CheckFunctionExists.c
Linking C executable cmTC_115aa
/usr/bin/cmake -E cmake_link_script CMakeFiles/cmTC_115aa.dir/link.txt --verbose=1
/usr/bin/cc  -DCHECK_FUNCTION_EXISTS=pthread_create    -rdynamic CMakeFiles/cmTC_115aa.dir/CheckFunctionExists.c.o  -o cmTC_115aa -lpthreads 
/usr/bin/ld: cannot find -lpthreads
collect2: error: ld returned 1 exit status
CMakeFiles/cmTC_115aa.dir/build.make:97: recipe for target 'cmTC_115aa' failed
make[1]: *** [cmTC_115aa] Error 1
make[1]: Leaving directory '/home/bchandaka/simulation_ws/build/CMakeFiles/CMakeTmp'
Makefile:126: recipe for target 'cmTC_115aa/fast' failed
make: *** [cmTC_115aa/fast] Error 2


